-- The C compiler identification is GNU 11.4.0
-- The CXX compiler identification is GNU 11.4.0
-- Detecting C compiler ABI info
-- Detecting C compiler ABI info - done
-- Check for working C compiler: /usr/bin/gcc-11 - skipped
-- Detecting C compile features
-- Detecting C compile features - done
-- Detecting CXX compiler ABI info
-- Detecting CXX compiler ABI info - done
-- Check for working CXX compiler: /usr/bin/g++-11 - skipped
-- Detecting CXX compile features
-- Detecting CXX compile features - done
-- Found OpenMP_C: -fopenmp (found version "4.5")
-- Found OpenMP_CXX: -fopenmp (found version "4.5")
-- Found OpenMP: TRUE (found version "4.5")
-- Configuring done (3.8s)
-- Generating done (0.1s)
-- Build files have been written to: /projects/illinois/eng/cs/chackoge/engrit/minhyuk2/git_repos/SASCA-ReSA/tests/labelled_node_edge_lists/build
[ 12%] Building CXX object external_libs/CMakeFiles/external_header_libs.dir/inih/cpp/INIReader.cpp.o
[ 25%] Building C object external_libs/CMakeFiles/external_header_libs.dir/inih/ini.c.o
[ 37%] Linking CXX static library libexternal_header_libs.a
[ 37%] Built target external_header_libs
[ 50%] Building CXX object CMakeFiles/abm.dir/src/main.cpp.o
[ 62%] Building CXX object CMakeFiles/abm.dir/src/abm.cpp.o
[ 75%] Building CXX object CMakeFiles/abm.dir/src/graph.cpp.o
[ 87%] Building CXX object CMakeFiles/abm.dir/src/utils.cpp.o
[100%] Linking CXX executable bin/abm
[100%] Built target abm
