	Command being timed: "python /projects/illinois/eng/cs/chackoge/illinoiscomputes/abm/v6/generate_cartels.py --input-nodelist ./output/nodelist.csv --num-members 500 --from-last-x-years 2 --cartel true --control false --output-nodelist ./output/initial_500_cartel_nodelist.csv"
	User time (seconds): 144.68
	System time (seconds): 0.08
	Percent of CPU this job got: 98%
	Elapsed (wall clock) time (h:mm:ss or m:ss): 2:26.53
	Average shared text size (kbytes): 0
	Average unshared data size (kbytes): 0
	Average stack size (kbytes): 0
	Average total size (kbytes): 0
	Maximum resident set size (kbytes): 43520
	Average resident set size (kbytes): 0
	Major (requiring I/O) page faults: 78
	Minor (reclaiming a frame) page faults: 14663
	Voluntary context switches: 532
	Involuntary context switches: 97
	Swaps: 0
	File system inputs: 84312
	File system outputs: 83752
	Socket messages sent: 0
	Socket messages received: 0
	Signals delivered: 0
	Page size (bytes): 4096
	Exit status: 0
