	Command being timed: "python /projects/illinois/eng/cs/chackoge/illinoiscomputes/abm/v6/generate_cartels.py --input-nodelist ./output/nodelist.csv --num-members 1000 --from-last-x-years 2 --cartel true --control false --output-nodelist ./output/initial_1000_cartel_nodelist.csv"
	User time (seconds): 586.21
	System time (seconds): 0.07
	Percent of CPU this job got: 99%
	Elapsed (wall clock) time (h:mm:ss or m:ss): 9:47.22
	Average shared text size (kbytes): 0
	Average unshared data size (kbytes): 0
	Average stack size (kbytes): 0
	Average total size (kbytes): 0
	Maximum resident set size (kbytes): 46028
	Average resident set size (kbytes): 0
	Major (requiring I/O) page faults: 0
	Minor (reclaiming a frame) page faults: 7720
	Voluntary context switches: 187
	Involuntary context switches: 277
	Swaps: 0
	File system inputs: 83752
	File system outputs: 83752
	Socket messages sent: 0
	Socket messages received: 0
	Signals delivered: 0
	Page size (bytes): 4096
	Exit status: 0
